2024-08-19 08:55:15.786 [pool-3-thread-1] INFO  com.rs.mv.mvvs.client.catalog.from.scan.CurrentPathScanner - [client:400205]scan file in current open file directory(C:/laragon/www/sanipower_comerciais/resources/views/livewire/propostas)
2024-08-19 08:55:30.957 [pool-3-thread-1] INFO  com.rs.mv.mvvs.client.catalog.from.scan.CurrentPathScanner - [client:400205]scan file in current open file directory(C:/laragon/www/sanipower_comerciais/resources/views/livewire/propostas)
2024-08-19 09:08:27.490 [pool-3-thread-1] INFO  com.rs.mv.mvvs.client.catalog.from.scan.CurrentPathScanner - [client:400205]scan file in current open file directory(C:/laragon/www/sanipower_comerciais/resources/views/livewire/encomendas)
2024-08-19 09:29:32.092 [pool-3-thread-1] INFO  com.rs.mv.mvvs.client.catalog.from.scan.CurrentPathScanner - [client:400205]scan file in current open file directory(C:/laragon/www/sanipower_comerciais/resources/views/livewire/encomendas)
2024-08-19 09:30:18.653 [pool-3-thread-1] INFO  com.rs.mv.mvvs.client.catalog.from.scan.CurrentPathScanner - [client:400205]scan file in current open file directory(C:/laragon/www/sanipower_comerciais/app/Http/Livewire/Encomendas)
2024-08-19 09:31:02.345 [pool-3-thread-1] INFO  com.rs.mv.mvvs.client.catalog.from.scan.CurrentPathScanner - [client:400205]scan file in current open file directory(C:/laragon/www/sanipower_comerciais/app/Repositories)
2024-08-19 09:31:28.088 [pool-3-thread-1] INFO  com.rs.mv.mvvs.client.catalog.from.scan.CurrentPathScanner - [client:400205]scan file in current open file directory(C:/laragon/www/sanipower_comerciais/resources/views/livewire/encomendas)
2024-08-19 09:31:33.978 [pool-3-thread-1] INFO  com.rs.mv.mvvs.client.catalog.from.scan.CurrentPathScanner - [client:400205]scan file in current open file directory(C:/laragon/www/sanipower_comerciais/app/Repositories)
2024-08-19 09:31:54.217 [pool-3-thread-1] INFO  com.rs.mv.mvvs.client.catalog.from.scan.CurrentPathScanner - [client:400205]scan file in current open file directory(C:/laragon/www/sanipower_comerciais/resources/views/livewire/encomendas)
2024-08-19 09:31:56.878 [pool-3-thread-1] INFO  com.rs.mv.mvvs.client.catalog.from.scan.CurrentPathScanner - [client:400205]scan file in current open file directory(C:/laragon/www/sanipower_comerciais/app/Repositories)
2024-08-19 09:31:58.785 [pool-3-thread-1] INFO  com.rs.mv.mvvs.client.catalog.from.scan.CurrentPathScanner - [client:400205]scan file in current open file directory(C:/laragon/www/sanipower_comerciais/resources/views/livewire/encomendas)
2024-08-19 09:32:42.577 [pool-3-thread-1] INFO  com.rs.mv.mvvs.client.catalog.from.scan.CurrentPathScanner - [client:400205]scan file in current open file directory(C:/laragon/www/sanipower_comerciais/app/Http/Livewire/Encomendas)
2024-08-19 09:32:55.272 [pool-3-thread-1] INFO  com.rs.mv.mvvs.client.catalog.from.scan.CurrentPathScanner - [client:400205]scan file in current open file directory(C:/laragon/www/sanipower_comerciais/app/Repositories)
2024-08-19 09:33:03.563 [pool-3-thread-1] INFO  com.rs.mv.mvvs.client.catalog.from.scan.CurrentPathScanner - [client:400205]scan file in current open file directory(C:/laragon/www/sanipower_comerciais/app/Http/Livewire/Encomendas)
2024-08-19 09:33:15.916 [pool-3-thread-1] INFO  com.rs.mv.mvvs.client.catalog.from.scan.CurrentPathScanner - [client:400205]scan file in current open file directory(C:/laragon/www/sanipower_comerciais/app/Repositories)
2024-08-19 09:33:30.680 [pool-3-thread-1] INFO  com.rs.mv.mvvs.client.catalog.from.scan.CurrentPathScanner - [client:400205]scan file in current open file directory(C:/laragon/www/sanipower_comerciais/resources/views/livewire/encomendas)
2024-08-19 09:34:22.053 [pool-3-thread-1] INFO  com.rs.mv.mvvs.client.catalog.from.scan.CurrentPathScanner - [client:400205]scan file in current open file directory(C:/laragon/www/sanipower_comerciais/app/Repositories)
2024-08-19 09:34:26.090 [pool-3-thread-1] INFO  com.rs.mv.mvvs.client.catalog.from.scan.CurrentPathScanner - [client:400205]scan file in current open file directory(C:/laragon/www/sanipower_comerciais/app/Http/Livewire/Encomendas)
2024-08-19 09:34:34.606 [pool-3-thread-1] INFO  com.rs.mv.mvvs.client.catalog.from.scan.CurrentPathScanner - [client:400205]scan file in current open file directory(C:/laragon/www/sanipower_comerciais/app/Repositories)
2024-08-19 09:57:18.792 [pool-3-thread-1] INFO  com.rs.mv.mvvs.client.catalog.from.scan.CurrentPathScanner - [client:400205]scan file in current open file directory(C:/laragon/www/sanipower_comerciais)
2024-08-19 09:57:38.237 [pool-3-thread-1] INFO  com.rs.mv.mvvs.client.catalog.from.scan.CurrentPathScanner - [client:400205]scan file in current open file directory(C:/laragon/www/sanipower_comerciais/app/Repositories)
2024-08-19 10:07:21.743 [pool-3-thread-1] INFO  com.rs.mv.mvvs.client.catalog.from.scan.CurrentPathScanner - [client:400205]scan file in current open file directory(C:/laragon/www/sanipower_comerciais/resources/views/livewire/encomendas)
2024-08-19 10:20:57.980 [pool-3-thread-1] INFO  com.rs.mv.mvvs.client.catalog.from.scan.CurrentPathScanner - [client:400205]scan file in current open file directory(C:/laragon/www/sanipower_comerciais/resources/views/livewire/encomendas)
2024-08-19 10:21:37.040 [pool-3-thread-1] INFO  com.rs.mv.mvvs.client.catalog.from.scan.CurrentPathScanner - [client:400205]scan file in current open file directory(C:/laragon/www/sanipower_comerciais/resources/views/livewire/propostas)
2024-08-19 10:21:55.478 [pool-3-thread-1] INFO  com.rs.mv.mvvs.client.catalog.from.scan.CurrentPathScanner - [client:400205]scan file in current open file directory(C:/laragon/www/sanipower_comerciais/resources/views/livewire/encomendas)
2024-08-19 10:21:56.008 [pool-3-thread-1] INFO  com.rs.mv.mvvs.client.catalog.from.scan.CurrentPathScanner - [client:400205]scan file in current open file directory(C:/laragon/www/sanipower_comerciais/resources/views/livewire/propostas)
2024-08-19 10:22:00.448 [pool-3-thread-1] INFO  com.rs.mv.mvvs.client.catalog.from.scan.CurrentPathScanner - [client:400205]scan file in current open file directory(C:/laragon/www/sanipower_comerciais/resources/views/livewire/encomendas)
2024-08-19 10:26:34.115 [pool-3-thread-1] INFO  com.rs.mv.mvvs.client.catalog.from.scan.CurrentPathScanner - [client:400205]scan file in current open file directory(C:/laragon/www/sanipower_comerciais/resources/views/livewire/propostas)
2024-08-19 10:26:42.482 [pool-3-thread-1] INFO  com.rs.mv.mvvs.client.catalog.from.scan.CurrentPathScanner - [client:400205]scan file in current open file directory(C:/laragon/www/sanipower_comerciais/resources/views/livewire/encomendas)
2024-08-19 10:26:44.770 [pool-3-thread-1] INFO  com.rs.mv.mvvs.client.catalog.from.scan.CurrentPathScanner - [client:400205]scan file in current open file directory(C:/laragon/www/sanipower_comerciais/resources/views/livewire/propostas)
2024-08-19 10:26:47.425 [pool-3-thread-1] INFO  com.rs.mv.mvvs.client.catalog.from.scan.CurrentPathScanner - [client:400205]scan file in current open file directory(C:/laragon/www/sanipower_comerciais/resources/views/livewire/encomendas)
2024-08-19 10:26:50.113 [pool-3-thread-1] INFO  com.rs.mv.mvvs.client.catalog.from.scan.CurrentPathScanner - [client:400205]scan file in current open file directory(C:/laragon/www/sanipower_comerciais/resources/views/livewire/propostas)
2024-08-19 10:27:06.037 [pool-3-thread-1] INFO  com.rs.mv.mvvs.client.catalog.from.scan.CurrentPathScanner - [client:400205]scan file in current open file directory(C:/laragon/www/sanipower_comerciais/resources/views/livewire/encomendas)
2024-08-19 10:27:14.414 [pool-3-thread-1] INFO  com.rs.mv.mvvs.client.catalog.from.scan.CurrentPathScanner - [client:400205]scan file in current open file directory(C:/laragon/www/sanipower_comerciais/resources/views/livewire/propostas)
2024-08-19 10:29:49.046 [pool-3-thread-1] INFO  com.rs.mv.mvvs.client.catalog.from.scan.CurrentPathScanner - [client:400205]scan file in current open file directory(C:/laragon/www/sanipower_comerciais/resources/views/livewire/encomendas)
2024-08-19 10:40:15.541 [pool-3-thread-1] INFO  com.rs.mv.mvvs.client.catalog.from.scan.CurrentPathScanner - [client:400205]scan file in current open file directory(C:/laragon/www/sanipower_comerciais/resources/views/livewire/encomendas)
2024-08-19 10:40:16.369 [pool-3-thread-1] INFO  com.rs.mv.mvvs.client.catalog.from.scan.CurrentPathScanner - [client:400205]scan file in current open file directory(C:/laragon/www/sanipower_comerciais/app/Repositories)
2024-08-19 10:43:03.579 [pool-3-thread-1] INFO  com.rs.mv.mvvs.client.catalog.from.scan.CurrentPathScanner - [client:400205]scan file in current open file directory(C:/laragon/www/sanipower_comerciais/resources/views/livewire/propostas)
2024-08-19 10:43:05.944 [pool-3-thread-1] INFO  com.rs.mv.mvvs.client.catalog.from.scan.CurrentPathScanner - [client:400205]scan file in current open file directory(C:/laragon/www/sanipower_comerciais/app/Repositories)
2024-08-19 10:43:09.180 [pool-3-thread-1] INFO  com.rs.mv.mvvs.client.catalog.from.scan.CurrentPathScanner - [client:400205]scan file in current open file directory(C:/laragon/www/sanipower_comerciais/resources/views/livewire/encomendas)
2024-08-19 10:43:11.880 [pool-3-thread-1] INFO  com.rs.mv.mvvs.client.catalog.from.scan.CurrentPathScanner - [client:400205]scan file in current open file directory(C:/laragon/www/sanipower_comerciais/resources/views/livewire/propostas)
2024-08-19 10:43:24.917 [pool-3-thread-1] INFO  com.rs.mv.mvvs.client.catalog.from.scan.CurrentPathScanner - [client:400205]scan file in current open file directory(C:/laragon/www/sanipower_comerciais/resources/views/livewire/encomendas)
2024-08-19 10:43:29.737 [pool-3-thread-1] INFO  com.rs.mv.mvvs.client.catalog.from.scan.CurrentPathScanner - [client:400205]scan file in current open file directory(C:/laragon/www/sanipower_comerciais/resources/views/livewire/encomendas)
2024-08-19 10:46:08.892 [pool-3-thread-1] INFO  com.rs.mv.mvvs.client.catalog.from.scan.CurrentPathScanner - [client:400205]scan file in current open file directory(C:/laragon/www/sanipower_comerciais/app/Http/Livewire/Encomendas)
2024-08-19 10:46:11.775 [pool-3-thread-1] INFO  com.rs.mv.mvvs.client.catalog.from.scan.CurrentPathScanner - [client:400205]scan file in current open file directory(C:/laragon/www/sanipower_comerciais/resources/views/livewire/encomendas)
2024-08-19 10:46:11.875 [pool-3-thread-1] INFO  com.rs.mv.mvvs.client.catalog.from.scan.CurrentPathScanner - [client:400205]scan file in current open file directory(C:/laragon/www/sanipower_comerciais/app/Http/Livewire/Encomendas)
2024-08-19 10:46:11.877 [pool-3-thread-1] INFO  com.rs.mv.mvvs.client.catalog.from.scan.CurrentPathScanner - [client:400205]scan file in current open file directory(C:/laragon/www/sanipower_comerciais/resources/views/livewire/encomendas)
2024-08-19 10:46:13.477 [pool-3-thread-1] INFO  com.rs.mv.mvvs.client.catalog.from.scan.CurrentPathScanner - [client:400205]scan file in current open file directory(C:/laragon/www/sanipower_comerciais/app/Http/Livewire/Encomendas)
2024-08-19 10:46:30.131 [pool-3-thread-1] INFO  com.rs.mv.mvvs.client.catalog.from.scan.CurrentPathScanner - [client:400205]scan file in current open file directory(C:/laragon/www/sanipower_comerciais/resources/views/livewire/encomendas)
2024-08-19 10:46:33.999 [pool-3-thread-1] INFO  com.rs.mv.mvvs.client.catalog.from.scan.CurrentPathScanner - [client:400205]scan file in current open file directory(C:/laragon/www/sanipower_comerciais/app/Http/Livewire/Encomendas)
2024-08-19 10:46:59.868 [pool-3-thread-1] INFO  com.rs.mv.mvvs.client.catalog.from.scan.CurrentPathScanner - [client:400205]scan file in current open file directory(C:/laragon/www/sanipower_comerciais/resources/views/livewire/encomendas)
2024-08-19 10:47:01.198 [pool-3-thread-1] INFO  com.rs.mv.mvvs.client.catalog.from.scan.CurrentPathScanner - [client:400205]scan file in current open file directory(C:/laragon/www/sanipower_comerciais/app/Http/Livewire/Encomendas)
2024-08-19 10:47:15.122 [pool-3-thread-1] INFO  com.rs.mv.mvvs.client.catalog.from.scan.CurrentPathScanner - [client:400205]scan file in current open file directory(C:/laragon/www/sanipower_comerciais/resources/views/livewire/encomendas)
2024-08-19 10:47:17.003 [pool-3-thread-1] INFO  com.rs.mv.mvvs.client.catalog.from.scan.CurrentPathScanner - [client:400205]scan file in current open file directory(C:/laragon/www/sanipower_comerciais/app/Http/Livewire/Encomendas)
2024-08-19 10:48:02.680 [pool-3-thread-1] INFO  com.rs.mv.mvvs.client.catalog.from.scan.CurrentPathScanner - [client:400205]scan file in current open file directory(C:/laragon/www/sanipower_comerciais/resources/views/livewire/encomendas)
2024-08-19 10:48:03.866 [pool-3-thread-1] INFO  com.rs.mv.mvvs.client.catalog.from.scan.CurrentPathScanner - [client:400205]scan file in current open file directory(C:/laragon/www/sanipower_comerciais/app/Http/Livewire/Encomendas)
2024-08-19 10:48:35.169 [pool-3-thread-1] INFO  com.rs.mv.mvvs.client.catalog.from.scan.CurrentPathScanner - [client:400205]scan file in current open file directory(C:/laragon/www/sanipower_comerciais/resources/views/livewire/encomendas)
2024-08-19 10:48:35.390 [pool-3-thread-1] INFO  com.rs.mv.mvvs.client.catalog.from.scan.CurrentPathScanner - [client:400205]scan file in current open file directory(C:/laragon/www/sanipower_comerciais/app/Repositories)
2024-08-19 10:48:47.815 [pool-3-thread-1] INFO  com.rs.mv.mvvs.client.catalog.from.scan.CurrentPathScanner - [client:400205]scan file in current open file directory(C:/laragon/www/sanipower_comerciais/app/Http/Livewire/Encomendas)
2024-08-19 10:53:13.446 [pool-3-thread-1] INFO  com.rs.mv.mvvs.client.catalog.from.scan.CurrentPathScanner - [client:400205]scan file in current open file directory(C:/laragon/www/sanipower_comerciais/app/Repositories)
2024-08-19 10:53:55.343 [pool-3-thread-1] INFO  com.rs.mv.mvvs.client.catalog.from.scan.CurrentPathScanner - [client:400205]scan file in current open file directory(C:/laragon/www/sanipower_comerciais/app/Interfaces)
2024-08-19 10:54:26.659 [pool-3-thread-1] INFO  com.rs.mv.mvvs.client.catalog.from.scan.CurrentPathScanner - [client:400205]scan file in current open file directory(C:/laragon/www/sanipower_comerciais/app/Repositories)
2024-08-19 10:56:00.993 [pool-3-thread-1] INFO  com.rs.mv.mvvs.client.catalog.from.scan.CurrentPathScanner - [client:400205]scan file in current open file directory(C:/laragon/www/sanipower_comerciais/resources/views/livewire/encomendas)
2024-08-19 10:56:04.663 [pool-3-thread-1] INFO  com.rs.mv.mvvs.client.catalog.from.scan.CurrentPathScanner - [client:400205]scan file in current open file directory(C:/laragon/www/sanipower_comerciais/app/Http/Livewire/Encomendas)
2024-08-19 11:03:26.390 [pool-3-thread-1] INFO  com.rs.mv.mvvs.client.catalog.from.scan.CurrentPathScanner - [client:400205]scan file in current open file directory(C:/laragon/www/sanipower_comerciais/resources/views/livewire/encomendas)
2024-08-19 11:03:30.351 [pool-3-thread-1] INFO  com.rs.mv.mvvs.client.catalog.from.scan.CurrentPathScanner - [client:400205]scan file in current open file directory(C:/laragon/www/sanipower_comerciais/app/Http/Livewire/Encomendas)
2024-08-19 11:04:50.363 [pool-3-thread-1] INFO  com.rs.mv.mvvs.client.catalog.from.scan.CurrentPathScanner - [client:400205]scan file in current open file directory(C:/laragon/www/sanipower_comerciais/resources/views/livewire/encomendas)
2024-08-19 11:04:54.723 [pool-3-thread-1] INFO  com.rs.mv.mvvs.client.catalog.from.scan.CurrentPathScanner - [client:400205]scan file in current open file directory(C:/laragon/www/sanipower_comerciais/app/Http/Livewire/Encomendas)
2024-08-19 11:07:43.270 [pool-3-thread-1] INFO  com.rs.mv.mvvs.client.catalog.from.scan.CurrentPathScanner - [client:400205]scan file in current open file directory(C:/laragon/www/sanipower_comerciais/resources/views/livewire/encomendas)
2024-08-19 11:07:43.602 [pool-3-thread-1] INFO  com.rs.mv.mvvs.client.catalog.from.scan.CurrentPathScanner - [client:400205]scan file in current open file directory(C:/laragon/www/sanipower_comerciais/app/Interfaces)
2024-08-19 11:07:45.553 [pool-3-thread-1] INFO  com.rs.mv.mvvs.client.catalog.from.scan.CurrentPathScanner - [client:400205]scan file in current open file directory(C:/laragon/www/sanipower_comerciais/app/Repositories)
2024-08-19 11:07:58.189 [pool-3-thread-1] INFO  com.rs.mv.mvvs.client.catalog.from.scan.CurrentPathScanner - [client:400205]scan file in current open file directory(C:/laragon/www/sanipower_comerciais/app/Http/Livewire/Encomendas)
2024-08-19 11:08:23.362 [pool-3-thread-1] INFO  com.rs.mv.mvvs.client.catalog.from.scan.CurrentPathScanner - [client:400205]scan file in current open file directory(C:/laragon/www/sanipower_comerciais/app/Repositories)
2024-08-19 11:09:36.376 [pool-3-thread-1] INFO  com.rs.mv.mvvs.client.catalog.from.scan.CurrentPathScanner - [client:400205]scan file in current open file directory(C:/laragon/www/sanipower_comerciais/app/Http/Livewire/Encomendas)
2024-08-19 11:10:12.965 [pool-3-thread-1] INFO  com.rs.mv.mvvs.client.catalog.from.scan.CurrentPathScanner - [client:400205]scan file in current open file directory(C:/laragon/www/sanipower_comerciais/app/Repositories)
